[07:12:30] [ServerMain/INFO]: Environment: authHost='https://authserver.mojang.com', accountsHost='https://api.mojang.com', sessionHost='https://sessionserver.mojang.com', servicesHost='https://api.minecraftservices.com', name='PROD'
[07:12:33] [ServerMain/INFO]: Loaded 7 recipes
[07:12:34] [Server thread/INFO]: Starting minecraft server version 1.20.1
[07:12:34] [Server thread/WARN]: ****************************
[07:12:34] [Server thread/WARN]: YOU ARE RUNNING THIS SERVER AS AN ADMINISTRATIVE OR ROOT USER. THIS IS NOT ADVISED.
[07:12:34] [Server thread/WARN]: YOU ARE OPENING YOURSELF UP TO POTENTIAL RISKS WHEN DOING THIS.
[07:12:34] [Server thread/WARN]: FOR MORE INFORMATION, SEE https://madelinemiller.dev/blog/root-minecraft-server/
[07:12:34] [Server thread/WARN]: ****************************
[07:12:34] [Server thread/INFO]: Loading properties
[07:12:34] [Server thread/INFO]: This server is running Paper version git-Paper-196 (MC: 1.20.1) (Implementing API version 1.20.1-R0.1-SNAPSHOT) (Git: 773dd72)
[07:12:35] [Server thread/INFO]: Server Ping Player Sample Count: 12
[07:12:35] [Server thread/INFO]: Using 4 threads for Netty based IO
[07:12:35] [Server thread/WARN]: [!] The timings profiler has been enabled but has been scheduled for removal from Paper in the future.
    We recommend installing the spark profiler as a replacement: https://spark.lucko.me/
    For more information please visit: https://github.com/PaperMC/Paper/issues/8948
[07:12:35] [Server thread/INFO]: [ChunkTaskScheduler] Chunk system is using 1 I/O threads, 1 worker threads, and gen parallelism of 1 threads
[07:12:36] [Server thread/INFO]: Default game type: SURVIVAL
[07:12:36] [Server thread/INFO]: Generating keypair
[07:12:36] [Server thread/INFO]: Starting Minecraft server on *:25565
[07:12:36] [Server thread/INFO]: Using epoll channel type
[07:12:36] [Server thread/INFO]: Paper: Using libdeflate (Linux x86_64) compression from Velocity.
[07:12:36] [Server thread/INFO]: Paper: Using OpenSSL 1.1.x (Linux x86_64) cipher from Velocity.
[07:12:37] [Server thread/INFO]: [ViaVersion] Loading server plugin ViaVersion v4.9.2
[07:12:37] [Server thread/INFO]: [ViaVersion] ViaVersion 4.9.2 is now loaded. Registering protocol transformers and injecting...
[07:12:37] [Via-Mappingloader-0/INFO]: [ViaVersion] Loading block connection mappings ...
[07:12:38] [Via-Mappingloader-0/INFO]: [ViaVersion] Using FastUtil Long2ObjectOpenHashMap for block connections
[07:12:38] [Server thread/INFO]: [ViaBackwards] Loading translations...
[07:12:38] [Server thread/INFO]: [ViaBackwards] Registering protocols...
[07:12:39] [Server thread/INFO]: [floodgate] Loading server plugin floodgate v2.2.2-SNAPSHOT (b87-2876c57)
[07:12:39] [Server thread/WARN]: [floodgate] en_ is not a supported Floodgate language.
[07:12:40] [Server thread/INFO]: [floodgate] Took 1,032ms to boot Floodgate
[07:12:40] [Server thread/INFO]: [ViaBackwards] Loading server plugin ViaBackwards v4.9.1
[07:12:40] [Server thread/INFO]: [TAB] Loading server plugin TAB v4.1.2
[07:12:40] [Server thread/INFO]: [playit-gg] Loading server plugin playit-gg v0.1.4
[07:12:40] [Server thread/INFO]: [Geyser-Spigot] Loading server plugin Geyser-Spigot v2.2.0-SNAPSHOT
[07:12:40] [Server thread/INFO]: [Geyser-Spigot] Loading extensions...
[07:12:40] [Server thread/INFO]: [Geyser-Spigot] Loaded 0 extension(s)
[07:12:40] [Server thread/INFO]: Server permissions file permissions.yml is empty, ignoring it
[07:12:40] [Server thread/WARN]: **** SERVER IS RUNNING IN OFFLINE/INSECURE MODE!
[07:12:40] [Server thread/WARN]: The server will make no attempt to authenticate usernames. Beware.
[07:12:40] [Server thread/WARN]: While this makes the game possible to play without internet access, it also opens up the ability for hackers to connect with any username they choose.
[07:12:40] [Server thread/WARN]: To change this, set "online-mode" to "true" in the server.properties file.
[07:12:40] [Server thread/INFO]: Preparing level "Survival"
[07:12:41] [Server thread/INFO]: Preparing start region for dimension minecraft:overworld
[07:12:41] [Server thread/INFO]: Time elapsed: 337 ms
[07:12:41] [Server thread/INFO]: Preparing start region for dimension minecraft:the_nether
[07:12:41] [Server thread/INFO]: Time elapsed: 123 ms
[07:12:41] [Server thread/INFO]: Preparing start region for dimension minecraft:the_end
[07:12:42] [Server thread/INFO]: Time elapsed: 102 ms
[07:12:42] [Server thread/INFO]: [ViaVersion] Enabling ViaVersion v4.9.2
[07:12:42] [Server thread/INFO]: [ViaVersion] ViaVersion detected server version: 1.20/1.20.1 (763)
[07:12:42] [Server thread/INFO]: [floodgate] Enabling floodgate v2.2.2-SNAPSHOT (b87-2876c57)
[07:12:43] [Server thread/INFO]: [ViaBackwards] Enabling ViaBackwards v4.9.1
[07:12:43] [Server thread/INFO]: [TAB] Enabling TAB v4.1.2
[07:12:43] [Server thread/INFO]: [TAB] Enabled in 311ms
[07:12:43] [Server thread/INFO]: [playit-gg] Enabling playit-gg v0.1.4
[07:12:44] [Server thread/INFO]: [Geyser-Spigot] Enabling Geyser-Spigot v2.2.0-SNAPSHOT
[07:12:44] [Thread-7/INFO]: [gg.playit.minecraft.PlayitKeysSetup] secret key found, checking
[07:12:44] [Thread-7/INFO]: [gg.playit.minecraft.PlayitKeysSetup] check secret
[07:12:44] [Server thread/INFO]: [Geyser-Spigot] ******************************************
[07:12:44] [Server thread/INFO]: [Geyser-Spigot] 
[07:12:44] [Server thread/INFO]: [Geyser-Spigot] Loading Geyser version 2.2.0-SNAPSHOT (git-master-3288f42)
[07:12:44] [Server thread/INFO]: [Geyser-Spigot] 
[07:12:44] [Server thread/INFO]: [Geyser-Spigot] ******************************************
[07:12:46] [Thread-7/INFO]: [gg.playit.minecraft.PlayitKeysSetup] found minecraft java tunnel: conditions-tired.gl.joinmc.link
[07:12:46] [Thread-7/INFO]: [gg.playit.minecraft.PlayitManager] keys and tunnel setup
[07:12:46] [Thread-7/INFO]: playit.gg: tunnel setup
[07:12:46] [Thread-7/INFO]: playit.gg: conditions-tired.gl.joinmc.link
[07:12:46] [Thread-7/WARN]: [gg.playit.control.ChannelSetup] Got IO error working with :control.playit.gg/2602:fbaf:840:0:0:0:0:1, error : java.net.SocketException: Network is unreachable
[07:12:46] [Thread-7/INFO]: [gg.playit.control.ChannelSetup] request queued, waiting 1 second before resend
[07:12:47] [Thread-7/INFO]: [gg.playit.control.ChannelSetup] request queued, waiting 1 second before resend
[07:12:53] [epollEventLoopGroup-4-1/INFO]: [Geyser-Spigot] Started Geyser on 0.0.0.0:4491
[07:12:53] [Server thread/INFO]: [Geyser-Spigot] Done (8.239s)! Run /geyser help for help!
[07:12:53] [Server thread/INFO]: Starting GS4 status listener
[07:12:53] [Server thread/INFO]: Thread Query Listener started
[07:12:53] [Server thread/INFO]: Running delayed init tasks
[07:12:53] [Query Listener #1/INFO]: Query running on 0.0.0.0:25565
[07:12:53] [Server thread/INFO]: Done (19.217s)! For help, type "help"
[07:12:53] [Craft Scheduler Thread - 2 - ViaVersion/INFO]: [ViaVersion] Finished mapping loading, shutting down loader executor!
[07:12:53] [Server thread/INFO]: Timings Reset
[07:13:06] [Thread-7/INFO]: [gg.playit.minecraft.PlayitManager] got new client: NewClient{connectAddr=147.185.221.17:60623, peerAddr=49.15.196.11:25422, claimAddress=209.25.143.2:42760, claimToken=[44, 0, 60, -109, -71, -35, 17, -20, -49, 49, 15, -60, 11, 99, 78, -40, -112, -93, -100, -89, 8, 101, -94, 56, 2, 0, 0, 0, 0, 0, 5, -112, -63, 0, 0, 0, 0, 0, 45, 28, -59, -32, -100, -89, 8, 0, 0, 0, 0, 12, 0, 0, 0, 0, 0, 0, 55, -79, 0, 1, -55, 45, 8, 14, -65, 17, 1, -79, 72, 48, -31, -82, -110, 28, -53, 17], tunnelServerId=14257, dataCenterId=12}
[07:13:06] [Thread-7/INFO]: [gg.playit.minecraft.PlayitManager] starting tcp tunnel for client
[07:13:06] [Thread-7/INFO]: [gg.playit.minecraft.PlayitTcpTunnel] start connection to /209.25.143.2:42760 to claim client
[07:13:06] [nioEventLoopGroup-2-1/INFO]: [gg.playit.minecraft.PlayitTcpTunnel] connected to tunnel server, sending claim token
[07:13:06] [nioEventLoopGroup-2-1/INFO]: [gg.playit.minecraft.PlayitTcpTunnel] claim token sent
[07:13:06] [nioEventLoopGroup-2-1/INFO]: [gg.playit.minecraft.PlayitTcpTunnel] connection to tunnel server has been established
[07:13:06] [nioEventLoopGroup-2-1/INFO]: [gg.playit.minecraft.PlayitTcpTunnel] Reflect: ReflectionHelper{ServerConnection=class net.minecraft.server.network.ServerConnection, LegacyPingHandler=class net.minecraft.server.network.LegacyPingHandler, MinecraftServer=class net.minecraft.server.MinecraftServer, PacketSplitter=class net.minecraft.network.PacketSplitter, PacketDecoder=class net.minecraft.network.PacketDecoder, EnumProtocolDirection=class net.minecraft.network.protocol.EnumProtocolDirection, PacketPrepender=class net.minecraft.network.PacketPrepender, PacketEncoder=class net.minecraft.network.PacketEncoder, NetworkManagerServer=class net.minecraft.network.NetworkManagerServer, NetworkManager=class net.minecraft.network.NetworkManager, HandshakeListener=class net.minecraft.server.network.HandshakeListener, PacketListener=interface net.minecraft.network.PacketListener, CraftServer=null}
[07:13:06] [nioEventLoopGroup-2-1/INFO]: [gg.playit.minecraft.PlayitTcpTunnel] failed to get Minecraft server from Bukkit.getServer()
[07:13:06] [nioEventLoopGroup-2-1/INFO]: [gg.playit.minecraft.PlayitTcpTunnel] connecting to minecraft server at localhost/127.0.0.1:25565
[07:13:06] [nioEventLoopGroup-2-2/INFO]: [gg.playit.minecraft.PlayitTcpTunnel] connected to local minecraft server
[07:13:12] [Thread-7/INFO]: [gg.playit.minecraft.PlayitManager] got new client: NewClient{connectAddr=147.185.221.17:60623, peerAddr=49.15.196.11:25427, claimAddress=209.25.143.2:42760, claimToken=[44, 0, 60, -109, -71, -35, 17, -20, -49, 49, 15, -60, 11, 99, 83, 36, 53, 57, 70, -89, 8, 101, -94, 56, 8, 0, 0, 0, 0, 0, 5, -112, -63, 0, 0, 0, 0, 0, 45, 28, -59, 111, 70, -89, 8, 0, 0, 0, 0, 12, 0, 0, 0, 0, 0, 0, 55, -79, 0, 1, -128, -50, -85, 16, 85, 91, 55, 100, 112, 13, -85, -47, -25, -64, -12, 6], tunnelServerId=14257, dataCenterId=12}
[07:13:12] [Thread-7/INFO]: [gg.playit.minecraft.PlayitManager] starting tcp tunnel for client
[07:13:12] [Thread-7/INFO]: [gg.playit.minecraft.PlayitTcpTunnel] start connection to /209.25.143.2:42760 to claim client
[07:13:12] [nioEventLoopGroup-2-3/INFO]: [gg.playit.minecraft.PlayitTcpTunnel] connected to tunnel server, sending claim token
[07:13:12] [nioEventLoopGroup-2-3/INFO]: [gg.playit.minecraft.PlayitTcpTunnel] claim token sent
[07:13:12] [nioEventLoopGroup-2-3/INFO]: [gg.playit.minecraft.PlayitTcpTunnel] connection to tunnel server has been established
[07:13:12] [nioEventLoopGroup-2-3/INFO]: [gg.playit.minecraft.PlayitTcpTunnel] Reflect: ReflectionHelper{ServerConnection=class net.minecraft.server.network.ServerConnection, LegacyPingHandler=class net.minecraft.server.network.LegacyPingHandler, MinecraftServer=class net.minecraft.server.MinecraftServer, PacketSplitter=class net.minecraft.network.PacketSplitter, PacketDecoder=class net.minecraft.network.PacketDecoder, EnumProtocolDirection=class net.minecraft.network.protocol.EnumProtocolDirection, PacketPrepender=class net.minecraft.network.PacketPrepender, PacketEncoder=class net.minecraft.network.PacketEncoder, NetworkManagerServer=class net.minecraft.network.NetworkManagerServer, NetworkManager=class net.minecraft.network.NetworkManager, HandshakeListener=class net.minecraft.server.network.HandshakeListener, PacketListener=interface net.minecraft.network.PacketListener, CraftServer=null}
[07:13:12] [nioEventLoopGroup-2-3/INFO]: [gg.playit.minecraft.PlayitTcpTunnel] failed to get Minecraft server from Bukkit.getServer()
[07:13:12] [nioEventLoopGroup-2-3/INFO]: [gg.playit.minecraft.PlayitTcpTunnel] connecting to minecraft server at localhost/127.0.0.1:25565
[07:13:12] [nioEventLoopGroup-2-4/INFO]: [gg.playit.minecraft.PlayitTcpTunnel] connected to local minecraft server
[07:13:13] [User Authenticator #0/INFO]: UUID of player killersumit1191 is cbd4e4ca-ce2a-385d-aa72-66a0492229b5
[07:13:13] [Server thread/INFO]: killersumit1191 joined the game
[07:13:13] [Server thread/INFO]: killersumit1191[/127.0.0.1:36292] logged in with entity id 177 at ([Survival]258.6739597661635, 80.24313549259173, -2.827951537846693)
[07:14:15] [nioEventLoopGroup-2-3/WARN]: [gg.playit.minecraft.PlayitTcpTunnel] failed to send data to tunnel
[07:14:15] [Server thread/INFO]: killersumit1191 lost connection: Disconnected
[07:14:15] [Server thread/INFO]: killersumit1191 left the game
[07:14:15] [Thread-7/INFO]: [gg.playit.minecraft.PlayitManager] got new client: NewClient{connectAddr=147.185.221.17:60623, peerAddr=49.15.196.11:25353, claimAddress=209.25.143.2:42760, claimToken=[44, 0, 60, -109, -71, -35, 17, -20, -49, 49, 15, -60, 11, 99, 9, -5, 51, 10, -48, -89, 8, 101, -94, 56, 71, 0, 0, 0, 0, 0, 5, -112, -63, 0, 0, 0, 0, 0, 45, 28, -59, -124, -48, -89, 8, 0, 0, 0, 0, 12, 0, 0, 0, 0, 0, 0, 55, -79, 0, 1, -28, -31, 59, -15, -102, 92, 100, 55, -42, 46, -22, 92, -70, 66, 88, 113], tunnelServerId=14257, dataCenterId=12}
[07:14:15] [Thread-7/INFO]: [gg.playit.minecraft.PlayitManager] starting tcp tunnel for client
[07:14:15] [Thread-7/INFO]: [gg.playit.minecraft.PlayitTcpTunnel] start connection to /209.25.143.2:42760 to claim client
[07:14:15] [nioEventLoopGroup-2-1/INFO]: [gg.playit.minecraft.PlayitTcpTunnel] connected to tunnel server, sending claim token
[07:14:15] [nioEventLoopGroup-2-1/INFO]: [gg.playit.minecraft.PlayitTcpTunnel] claim token sent
[07:14:15] [nioEventLoopGroup-2-1/INFO]: [gg.playit.minecraft.PlayitTcpTunnel] connection to tunnel server has been established
[07:14:15] [nioEventLoopGroup-2-1/INFO]: [gg.playit.minecraft.PlayitTcpTunnel] Reflect: ReflectionHelper{ServerConnection=class net.minecraft.server.network.ServerConnection, LegacyPingHandler=class net.minecraft.server.network.LegacyPingHandler, MinecraftServer=class net.minecraft.server.MinecraftServer, PacketSplitter=class net.minecraft.network.PacketSplitter, PacketDecoder=class net.minecraft.network.PacketDecoder, EnumProtocolDirection=class net.minecraft.network.protocol.EnumProtocolDirection, PacketPrepender=class net.minecraft.network.PacketPrepender, PacketEncoder=class net.minecraft.network.PacketEncoder, NetworkManagerServer=class net.minecraft.network.NetworkManagerServer, NetworkManager=class net.minecraft.network.NetworkManager, HandshakeListener=class net.minecraft.server.network.HandshakeListener, PacketListener=interface net.minecraft.network.PacketListener, CraftServer=null}
[07:14:15] [nioEventLoopGroup-2-1/INFO]: [gg.playit.minecraft.PlayitTcpTunnel] failed to get Minecraft server from Bukkit.getServer()
[07:14:15] [nioEventLoopGroup-2-1/INFO]: [gg.playit.minecraft.PlayitTcpTunnel] connecting to minecraft server at localhost/127.0.0.1:25565
[07:14:15] [nioEventLoopGroup-2-2/INFO]: [gg.playit.minecraft.PlayitTcpTunnel] connected to local minecraft server
[07:16:48] [Thread-7/INFO]: [gg.playit.control.ChannelSetup] send keep alive
[07:20:49] [Thread-7/INFO]: [gg.playit.control.ChannelSetup] send keep alive
[07:24:49] [Thread-7/INFO]: [gg.playit.control.ChannelSetup] send keep alive
[07:28:49] [Thread-7/INFO]: [gg.playit.control.ChannelSetup] send keep alive
[07:32:50] [Thread-7/INFO]: [gg.playit.control.ChannelSetup] send keep alive
[07:36:50] [Thread-7/INFO]: [gg.playit.control.ChannelSetup] send keep alive
[07:40:50] [Thread-7/INFO]: [gg.playit.control.ChannelSetup] send keep alive
[07:44:51] [Thread-7/INFO]: [gg.playit.control.ChannelSetup] send keep alive
